<?xml version="1.0" encoding="UTF-8"?>
<testng-results ignored="0" total="1" passed="1" failed="0" skipped="0">
  <reporter-output>
  </reporter-output>
  <suite started-at="2023-10-13T22:15:49 IST" name="Default suite" finished-at="2023-10-13T22:15:59 IST" duration-ms="9981">
    <groups>
    </groups>
    <test started-at="2023-10-13T22:15:49 IST" name="Default test" finished-at="2023-10-13T22:15:59 IST" duration-ms="9981">
      <class name="agastya.HomePageTests">
        <test-method is-config="true" signature="setUp(java.lang.String)[pri:0, instance:agastya.HomePageTests@6440112d]" started-at="2023-10-13T22:15:49 IST" name="setUp" finished-at="2023-10-13T22:15:58 IST" duration-ms="9006" status="PASS">
          <params>
            <param index="0">
              <value is-null="true"/>
            </param>
          </params>
          <reporter-output>
          </reporter-output>
        </test-method> <!-- setUp -->
        <test-method signature="verifySearchResultsOnSearchingFalcon()[pri:0, instance:agastya.HomePageTests@6440112d]" started-at="2023-10-13T22:15:58 IST" name="verifySearchResultsOnSearchingFalcon" finished-at="2023-10-13T22:15:58 IST" duration-ms="17" status="PASS">
          <reporter-output>
          </reporter-output>
        </test-method> <!-- verifySearchResultsOnSearchingFalcon -->
        <test-method is-config="true" signature="tearDown()[pri:0, instance:agastya.HomePageTests@6440112d]" started-at="2023-10-13T22:15:58 IST" name="tearDown" finished-at="2023-10-13T22:15:59 IST" duration-ms="849" status="PASS">
          <reporter-output>
          </reporter-output>
        </test-method> <!-- tearDown -->
      </class> <!-- agastya.HomePageTests -->
    </test> <!-- Default test -->
  </suite> <!-- Default suite -->
</testng-results>
